{"uuid":"880930d9-2d39-4443-a593-fce0e937aa8c","historyId":"542fd09c41a7bc492bb287190d18b915","testCaseId":"[engine:junit-jupiter]/[class:ru.gb.lessons.Lesson8.Hw78AllureSelenideTest]/[method:CompareListTest()]","testCaseName":"Тестирование сравнения товаров","fullName":"ru.gb.lessons.Lesson8.Hw78AllureSelenideTest.CompareListTest","labels":[{"name":"junit.platform.uniqueid","value":"[engine:junit-jupiter]/[class:ru.gb.lessons.Lesson8.Hw78AllureSelenideTest]/[method:CompareListTest()]"},{"name":"host","value":"DESKTOP-M52S9NE"},{"name":"thread","value":"11328@DESKTOP-M52S9NE.main(1)"},{"name":"framework","value":"junit-platform"},{"name":"language","value":"java"},{"name":"package","value":"ru.gb.lessons.Lesson8.Hw78AllureSelenideTest"},{"name":"testClass","value":"ru.gb.lessons.Lesson8.Hw78AllureSelenideTest"},{"name":"testMethod","value":"CompareListTest"},{"name":"suite","value":"Тестирование интернет-магазина женской одежды"},{"name":"severity","value":"critical"}],"links":[],"name":"Тестирование сравнения товаров","status":"failed","statusDetails":{"known":false,"muted":false,"flaky":false,"message":"Invalid element state: element click intercepted: Element <button type=\"submit\" class=\"btn btn-default button button-medium bt_compare bt_compare_bottom\" disabled=\"disabled\">...</button> is not clickable at point (1177, 658). Other element would receive the click: <form method=\"post\" action=\"http://automationpractice.com/index.php?controller=products-comparison\" class=\"compare-form\">...</form>\r\nScreenshot: file:/F:/learning%20testing/TestAutomationWebUIonJavaVer2/build/reports/tests/1641285167541.0.png\r\nPage source: file:/F:/learning%20testing/TestAutomationWebUIonJavaVer2/build/reports/tests/1641285167541.0.html\r\nTimeout: 8 s.\r\nCaused by: ElementClickInterceptedException: element click intercepted: Element <button type=\"submit\" class=\"btn btn-default button button-medium bt_compare bt_compare_bottom\" disabled=\"disabled\">...</button> is not clickable at point (1177, 658). Other element would receive the click: <form method=\"post\" action=\"http://automationpractice.com/index.php?controller=products-comparison\" class=\"compare-form\">...</form>","trace":"Invalid element state: element click intercepted: Element <button type=\"submit\" class=\"btn btn-default button button-medium bt_compare bt_compare_bottom\" disabled=\"disabled\">...</button> is not clickable at point (1177, 658). Other element would receive the click: <form method=\"post\" action=\"http://automationpractice.com/index.php?controller=products-comparison\" class=\"compare-form\">...</form>\r\nScreenshot: file:/F:/learning%20testing/TestAutomationWebUIonJavaVer2/build/reports/tests/1641285167541.0.png\r\nPage source: file:/F:/learning%20testing/TestAutomationWebUIonJavaVer2/build/reports/tests/1641285167541.0.html\r\nTimeout: 8 s.\r\nCaused by: ElementClickInterceptedException: element click intercepted: Element <button type=\"submit\" class=\"btn btn-default button button-medium bt_compare bt_compare_bottom\" disabled=\"disabled\">...</button> is not clickable at point (1177, 658). Other element would receive the click: <form method=\"post\" action=\"http://automationpractice.com/index.php?controller=products-comparison\" class=\"compare-form\">...</form>\r\n\tat com.codeborne.selenide.impl.ExceptionWrapper.wrap(ExceptionWrapper.java:26)\r\n\tat com.codeborne.selenide.impl.SelenideElementProxy.dispatchAndRetry(SelenideElementProxy.java:153)\r\n\tat com.codeborne.selenide.impl.SelenideElementProxy.invoke(SelenideElementProxy.java:83)\r\n\tat com.sun.proxy.$Proxy17.click(Unknown Source)\r\n\tat ru.gb.lessons.Lesson8.Pages.CompareListPage.clickCompareButton(CompareListPage.java:50)\r\n\tat ru.gb.lessons.Lesson8.Hw78AllureSelenideTest.CompareListTest(Hw78AllureSelenideTest.java:75)\r\n\tat sun.reflect.NativeMethodAccessorImpl.invoke0(Native Method)\r\n\tat sun.reflect.NativeMethodAccessorImpl.invoke(NativeMethodAccessorImpl.java:62)\r\n\tat sun.reflect.DelegatingMethodAccessorImpl.invoke(DelegatingMethodAccessorImpl.java:43)\r\n\tat java.lang.reflect.Method.invoke(Method.java:498)\r\n\tat org.junit.platform.commons.util.ReflectionUtils.invokeMethod(ReflectionUtils.java:688)\r\n\tat org.junit.jupiter.engine.execution.MethodInvocation.proceed(MethodInvocation.java:60)\r\n\tat org.junit.jupiter.engine.execution.InvocationInterceptorChain$ValidatingInvocation.proceed(InvocationInterceptorChain.java:131)\r\n\tat org.junit.jupiter.engine.extension.TimeoutExtension.intercept(TimeoutExtension.java:149)\r\n\tat org.junit.jupiter.engine.extension.TimeoutExtension.interceptTestableMethod(TimeoutExtension.java:140)\r\n\tat org.junit.jupiter.engine.extension.TimeoutExtension.interceptTestMethod(TimeoutExtension.java:84)\r\n\tat org.junit.jupiter.engine.execution.ExecutableInvoker$ReflectiveInterceptorCall.lambda$ofVoidMethod$0(ExecutableInvoker.java:115)\r\n\tat org.junit.jupiter.engine.execution.ExecutableInvoker.lambda$invoke$0(ExecutableInvoker.java:105)\r\n\tat org.junit.jupiter.engine.execution.InvocationInterceptorChain$InterceptedInvocation.proceed(InvocationInterceptorChain.java:106)\r\n\tat org.junit.jupiter.engine.execution.InvocationInterceptorChain.proceed(InvocationInterceptorChain.java:64)\r\n\tat org.junit.jupiter.engine.execution.InvocationInterceptorChain.chainAndInvoke(InvocationInterceptorChain.java:45)\r\n\tat org.junit.jupiter.engine.execution.InvocationInterceptorChain.invoke(InvocationInterceptorChain.java:37)\r\n\tat org.junit.jupiter.engine.execution.ExecutableInvoker.invoke(ExecutableInvoker.java:104)\r\n\tat org.junit.jupiter.engine.execution.ExecutableInvoker.invoke(ExecutableInvoker.java:98)\r\n\tat org.junit.jupiter.engine.descriptor.TestMethodTestDescriptor.lambda$invokeTestMethod$6(TestMethodTestDescriptor.java:210)\r\n\tat org.junit.platform.engine.support.hierarchical.ThrowableCollector.execute(ThrowableCollector.java:73)\r\n\tat org.junit.jupiter.engine.descriptor.TestMethodTestDescriptor.invokeTestMethod(TestMethodTestDescriptor.java:206)\r\n\tat org.junit.jupiter.engine.descriptor.TestMethodTestDescriptor.execute(TestMethodTestDescriptor.java:131)\r\n\tat org.junit.jupiter.engine.descriptor.TestMethodTestDescriptor.execute(TestMethodTestDescriptor.java:65)\r\n\tat org.junit.platform.engine.support.hierarchical.NodeTestTask.lambda$executeRecursively$5(NodeTestTask.java:139)\r\n\tat org.junit.platform.engine.support.hierarchical.ThrowableCollector.execute(ThrowableCollector.java:73)\r\n\tat org.junit.platform.engine.support.hierarchical.NodeTestTask.lambda$executeRecursively$7(NodeTestTask.java:129)\r\n\tat org.junit.platform.engine.support.hierarchical.Node.around(Node.java:137)\r\n\tat org.junit.platform.engine.support.hierarchical.NodeTestTask.lambda$executeRecursively$8(NodeTestTask.java:127)\r\n\tat org.junit.platform.engine.support.hierarchical.ThrowableCollector.execute(ThrowableCollector.java:73)\r\n\tat org.junit.platform.engine.support.hierarchical.NodeTestTask.executeRecursively(NodeTestTask.java:126)\r\n\tat org.junit.platform.engine.support.hierarchical.NodeTestTask.execute(NodeTestTask.java:84)\r\n\tat java.util.ArrayList.forEach(ArrayList.java:1259)\r\n\tat org.junit.platform.engine.support.hierarchical.SameThreadHierarchicalTestExecutorService.invokeAll(SameThreadHierarchicalTestExecutorService.java:38)\r\n\tat org.junit.platform.engine.support.hierarchical.NodeTestTask.lambda$executeRecursively$5(NodeTestTask.java:143)\r\n\tat org.junit.platform.engine.support.hierarchical.ThrowableCollector.execute(ThrowableCollector.java:73)\r\n\tat org.junit.platform.engine.support.hierarchical.NodeTestTask.lambda$executeRecursively$7(NodeTestTask.java:129)\r\n\tat org.junit.platform.engine.support.hierarchical.Node.around(Node.java:137)\r\n\tat org.junit.platform.engine.support.hierarchical.NodeTestTask.lambda$executeRecursively$8(NodeTestTask.java:127)\r\n\tat org.junit.platform.engine.support.hierarchical.ThrowableCollector.execute(ThrowableCollector.java:73)\r\n\tat org.junit.platform.engine.support.hierarchical.NodeTestTask.executeRecursively(NodeTestTask.java:126)\r\n\tat org.junit.platform.engine.support.hierarchical.NodeTestTask.execute(NodeTestTask.java:84)\r\n\tat java.util.ArrayList.forEach(ArrayList.java:1259)\r\n\tat org.junit.platform.engine.support.hierarchical.SameThreadHierarchicalTestExecutorService.invokeAll(SameThreadHierarchicalTestExecutorService.java:38)\r\n\tat org.junit.platform.engine.support.hierarchical.NodeTestTask.lambda$executeRecursively$5(NodeTestTask.java:143)\r\n\tat org.junit.platform.engine.support.hierarchical.ThrowableCollector.execute(ThrowableCollector.java:73)\r\n\tat org.junit.platform.engine.support.hierarchical.NodeTestTask.lambda$executeRecursively$7(NodeTestTask.java:129)\r\n\tat org.junit.platform.engine.support.hierarchical.Node.around(Node.java:137)\r\n\tat org.junit.platform.engine.support.hierarchical.NodeTestTask.lambda$executeRecursively$8(NodeTestTask.java:127)\r\n\tat org.junit.platform.engine.support.hierarchical.ThrowableCollector.execute(ThrowableCollector.java:73)\r\n\tat org.junit.platform.engine.support.hierarchical.NodeTestTask.executeRecursively(NodeTestTask.java:126)\r\n\tat org.junit.platform.engine.support.hierarchical.NodeTestTask.execute(NodeTestTask.java:84)\r\n\tat org.junit.platform.engine.support.hierarchical.SameThreadHierarchicalTestExecutorService.submit(SameThreadHierarchicalTestExecutorService.java:32)\r\n\tat org.junit.platform.engine.support.hierarchical.HierarchicalTestExecutor.execute(HierarchicalTestExecutor.java:57)\r\n\tat org.junit.platform.engine.support.hierarchical.HierarchicalTestEngine.execute(HierarchicalTestEngine.java:51)\r\n\tat org.junit.platform.launcher.core.EngineExecutionOrchestrator.execute(EngineExecutionOrchestrator.java:107)\r\n\tat org.junit.platform.launcher.core.EngineExecutionOrchestrator.execute(EngineExecutionOrchestrator.java:88)\r\n\tat org.junit.platform.launcher.core.EngineExecutionOrchestrator.lambda$execute$0(EngineExecutionOrchestrator.java:54)\r\n\tat org.junit.platform.launcher.core.EngineExecutionOrchestrator.withInterceptedStreams(EngineExecutionOrchestrator.java:67)\r\n\tat org.junit.platform.launcher.core.EngineExecutionOrchestrator.execute(EngineExecutionOrchestrator.java:52)\r\n\tat org.junit.platform.launcher.core.DefaultLauncher.execute(DefaultLauncher.java:114)\r\n\tat org.junit.platform.launcher.core.DefaultLauncher.execute(DefaultLauncher.java:86)\r\n\tat org.junit.platform.launcher.core.DefaultLauncherSession$DelegatingLauncher.execute(DefaultLauncherSession.java:86)\r\n\tat org.junit.platform.launcher.core.SessionPerRequestLauncher.execute(SessionPerRequestLauncher.java:53)\r\n\tat com.intellij.junit5.JUnit5IdeaTestRunner.startRunnerWithArgs(JUnit5IdeaTestRunner.java:71)\r\n\tat com.intellij.rt.junit.IdeaTestRunner$Repeater.startRunnerWithArgs(IdeaTestRunner.java:33)\r\n\tat com.intellij.rt.junit.JUnitStarter.prepareStreamsAndStart(JUnitStarter.java:235)\r\n\tat com.intellij.rt.junit.JUnitStarter.main(JUnitStarter.java:54)\r\nCaused by: org.openqa.selenium.ElementClickInterceptedException: element click intercepted: Element <button type=\"submit\" class=\"btn btn-default button button-medium bt_compare bt_compare_bottom\" disabled=\"disabled\">...</button> is not clickable at point (1177, 658). Other element would receive the click: <form method=\"post\" action=\"http://automationpractice.com/index.php?controller=products-comparison\" class=\"compare-form\">...</form>\n  (Session info: chrome=96.0.4664.110)\nBuild info: version: '4.1.0', revision: '87802e897b'\nSystem info: host: 'DESKTOP-M52S9NE', ip: '192.168.56.1', os.name: 'Windows 10', os.arch: 'amd64', os.version: '10.0', java.version: '1.8.0_301'\nDriver info: org.openqa.selenium.chrome.ChromeDriver\nCommand: [594e52598e2155f171d0d78a063afc74, clickElement {id=2bf82789-7f20-4512-9c49-eb9c282a5576}]\nCapabilities {acceptInsecureCerts: true, browserName: chrome, browserVersion: 96.0.4664.110, chrome: {chromedriverVersion: 96.0.4664.45 (76e4c1bb2ab46..., userDataDir: C:\\Users\\zaraz\\AppData\\Loca...}, goog:chromeOptions: {debuggerAddress: localhost:60487}, javascriptEnabled: true, networkConnectionEnabled: false, pageLoadStrategy: normal, platform: WINDOWS, platformName: WINDOWS, proxy: Proxy(), se:cdp: ws://localhost:60487/devtoo..., se:cdpVersion: 96.0.4664.110, setWindowRect: true, strictFileInteractability: false, timeouts: {implicit: 0, pageLoad: 300000, script: 30000}, unhandledPromptBehavior: dismiss and notify, webauthn:extension:credBlob: true, webauthn:extension:largeBlob: true, webauthn:virtualAuthenticators: true}\nElement: [[ChromeDriver: chrome on WINDOWS (594e52598e2155f171d0d78a063afc74)] -> xpath: //div[@class='bottom-pagination-content clearfix']//button[@type='submit']]\nSession ID: 594e52598e2155f171d0d78a063afc74\r\n\tat sun.reflect.NativeConstructorAccessorImpl.newInstance0(Native Method)\r\n\tat sun.reflect.NativeConstructorAccessorImpl.newInstance(NativeConstructorAccessorImpl.java:62)\r\n\tat sun.reflect.DelegatingConstructorAccessorImpl.newInstance(DelegatingConstructorAccessorImpl.java:45)\r\n\tat java.lang.reflect.Constructor.newInstance(Constructor.java:423)\r\n\tat org.openqa.selenium.remote.codec.w3c.W3CHttpResponseCodec.createException(W3CHttpResponseCodec.java:200)\r\n\tat org.openqa.selenium.remote.codec.w3c.W3CHttpResponseCodec.decode(W3CHttpResponseCodec.java:133)\r\n\tat org.openqa.selenium.remote.codec.w3c.W3CHttpResponseCodec.decode(W3CHttpResponseCodec.java:53)\r\n\tat org.openqa.selenium.remote.HttpCommandExecutor.execute(HttpCommandExecutor.java:184)\r\n\tat org.openqa.selenium.remote.service.DriverCommandExecutor.invokeExecute(DriverCommandExecutor.java:164)\r\n\tat org.openqa.selenium.remote.service.DriverCommandExecutor.execute(DriverCommandExecutor.java:139)\r\n\tat org.openqa.selenium.remote.RemoteWebDriver.execute(RemoteWebDriver.java:559)\r\n\tat org.openqa.selenium.remote.RemoteWebElement.execute(RemoteWebElement.java:251)\r\n\tat org.openqa.selenium.remote.RemoteWebElement.click(RemoteWebElement.java:77)\r\n\tat com.codeborne.selenide.commands.Click.defaultClick(Click.java:73)\r\n\tat com.codeborne.selenide.commands.Click.click(Click.java:52)\r\n\tat com.codeborne.selenide.commands.Click.execute(Click.java:29)\r\n\tat com.codeborne.selenide.commands.Click.execute(Click.java:19)\r\n\tat com.codeborne.selenide.commands.Commands.execute(Commands.java:154)\r\n\tat com.codeborne.selenide.impl.SelenideElementProxy.dispatchAndRetry(SelenideElementProxy.java:131)\r\n\t... 71 more\r\n"},"stage":"finished","description":"Этот тест проходит на страницу с товарами, поочередно нажимает кнопку сравнить у двух первых товаров из списка, проходит на страницу сравнения, удаляет выбранные товары из сравнения и закрывает страницу сравнения","steps":[{"name":"$(\"open\") http://automationpractice.com/index.php","status":"passed","stage":"finished","steps":[],"attachments":[],"parameters":[],"start":1641285105250,"stop":1641285118928},{"name":"Ввести в поле Email address логин: zaraz4@yandex.ru","status":"passed","stage":"finished","steps":[{"name":"$(\"By.xpath: //a[@title='Log in to your customer account']\") click()","status":"passed","stage":"finished","steps":[],"attachments":[],"parameters":[],"start":1641285119292,"stop":1641285129410},{"name":"$(\"By.id: email\") send keys(zaraz4@yandex.ru)","status":"passed","stage":"finished","steps":[],"attachments":[],"parameters":[],"start":1641285129411,"stop":1641285130521}],"attachments":[],"parameters":[{"name":"email","value":"zaraz4@yandex.ru"}],"start":1641285119100,"stop":1641285130522},{"name":"Ввести в поле Password пароль: Cthutq62!","status":"passed","stage":"finished","steps":[{"name":"$(\"By.id: passwd\") send keys(Cthutq62!)","status":"passed","stage":"finished","steps":[],"attachments":[],"parameters":[],"start":1641285130522,"stop":1641285130668}],"attachments":[],"parameters":[{"name":"pswd","value":"Cthutq62!"}],"start":1641285130522,"stop":1641285130668},{"name":"Нажать на кнопку Sign in","status":"passed","stage":"finished","steps":[{"name":"$(\"By.id: SubmitLogin\") click()","status":"passed","stage":"finished","steps":[],"attachments":[],"parameters":[],"start":1641285130671,"stop":1641285131068}],"attachments":[],"parameters":[],"start":1641285130671,"stop":1641285131117},{"name":"$(\"By.xpath: //ul[@class='sf-menu clearfix menu-content sf-js-enabled sf-arrows']/li/a[@title='Dresses']\") click()","status":"passed","stage":"finished","steps":[],"attachments":[],"parameters":[],"start":1641285131117,"stop":1641285151658},{"name":"$(\"By.xpath: //span[@class='cat-name']\") get text()","status":"passed","stage":"finished","steps":[],"attachments":[],"parameters":[],"start":1641285151659,"stop":1641285151716},{"name":"$(\"By.xpath: //div[@class='subcategory-image']/a[@title='Summer Dresses']\") click()","status":"passed","stage":"finished","steps":[],"attachments":[],"parameters":[],"start":1641285152014,"stop":1641285158524},{"name":"$(\"By.xpath: //span[@class='cat-name']\") get text()","status":"passed","stage":"finished","steps":[],"attachments":[],"parameters":[],"start":1641285158524,"stop":1641285158566},{"name":"$(\"By.xpath: //div[@class='bottom-pagination-content clearfix']//button[@type='submit']\") click()","status":"failed","statusDetails":{"known":false,"muted":false,"flaky":false,"message":"Invalid element state: element click intercepted: Element <button type=\"submit\" class=\"btn btn-default button button-medium bt_compare bt_compare_bottom\" disabled=\"disabled\">...</button> is not clickable at point (1177, 658). Other element would receive the click: <form method=\"post\" action=\"http://automationpractice.com/index.php?controller=products-comparison\" class=\"compare-form\">...</form>\r\nScreenshot: file:/F:/learning%20testing/TestAutomationWebUIonJavaVer2/build/reports/tests/1641285167541.0.png\r\nPage source: file:/F:/learning%20testing/TestAutomationWebUIonJavaVer2/build/reports/tests/1641285167541.0.html\r\nTimeout: 8 s.\r\nCaused by: ElementClickInterceptedException: element click intercepted: Element <button type=\"submit\" class=\"btn btn-default button button-medium bt_compare bt_compare_bottom\" disabled=\"disabled\">...</button> is not clickable at point (1177, 658). Other element would receive the click: <form method=\"post\" action=\"http://automationpractice.com/index.php?controller=products-comparison\" class=\"compare-form\">...</form>","trace":"Invalid element state: element click intercepted: Element <button type=\"submit\" class=\"btn btn-default button button-medium bt_compare bt_compare_bottom\" disabled=\"disabled\">...</button> is not clickable at point (1177, 658). Other element would receive the click: <form method=\"post\" action=\"http://automationpractice.com/index.php?controller=products-comparison\" class=\"compare-form\">...</form>\r\nScreenshot: file:/F:/learning%20testing/TestAutomationWebUIonJavaVer2/build/reports/tests/1641285167541.0.png\r\nPage source: file:/F:/learning%20testing/TestAutomationWebUIonJavaVer2/build/reports/tests/1641285167541.0.html\r\nTimeout: 8 s.\r\nCaused by: ElementClickInterceptedException: element click intercepted: Element <button type=\"submit\" class=\"btn btn-default button button-medium bt_compare bt_compare_bottom\" disabled=\"disabled\">...</button> is not clickable at point (1177, 658). Other element would receive the click: <form method=\"post\" action=\"http://automationpractice.com/index.php?controller=products-comparison\" class=\"compare-form\">...</form>\r\n\tat com.codeborne.selenide.impl.ExceptionWrapper.wrap(ExceptionWrapper.java:26)\r\n\tat com.codeborne.selenide.impl.SelenideElementProxy.dispatchAndRetry(SelenideElementProxy.java:153)\r\n\tat com.codeborne.selenide.impl.SelenideElementProxy.invoke(SelenideElementProxy.java:83)\r\n\tat com.sun.proxy.$Proxy17.click(Unknown Source)\r\n\tat ru.gb.lessons.Lesson8.Pages.CompareListPage.clickCompareButton(CompareListPage.java:50)\r\n\tat ru.gb.lessons.Lesson8.Hw78AllureSelenideTest.CompareListTest(Hw78AllureSelenideTest.java:75)\r\n\tat sun.reflect.NativeMethodAccessorImpl.invoke0(Native Method)\r\n\tat sun.reflect.NativeMethodAccessorImpl.invoke(NativeMethodAccessorImpl.java:62)\r\n\tat sun.reflect.DelegatingMethodAccessorImpl.invoke(DelegatingMethodAccessorImpl.java:43)\r\n\tat java.lang.reflect.Method.invoke(Method.java:498)\r\n\tat org.junit.platform.commons.util.ReflectionUtils.invokeMethod(ReflectionUtils.java:688)\r\n\tat org.junit.jupiter.engine.execution.MethodInvocation.proceed(MethodInvocation.java:60)\r\n\tat org.junit.jupiter.engine.execution.InvocationInterceptorChain$ValidatingInvocation.proceed(InvocationInterceptorChain.java:131)\r\n\tat org.junit.jupiter.engine.extension.TimeoutExtension.intercept(TimeoutExtension.java:149)\r\n\tat org.junit.jupiter.engine.extension.TimeoutExtension.interceptTestableMethod(TimeoutExtension.java:140)\r\n\tat org.junit.jupiter.engine.extension.TimeoutExtension.interceptTestMethod(TimeoutExtension.java:84)\r\n\tat org.junit.jupiter.engine.execution.ExecutableInvoker$ReflectiveInterceptorCall.lambda$ofVoidMethod$0(ExecutableInvoker.java:115)\r\n\tat org.junit.jupiter.engine.execution.ExecutableInvoker.lambda$invoke$0(ExecutableInvoker.java:105)\r\n\tat org.junit.jupiter.engine.execution.InvocationInterceptorChain$InterceptedInvocation.proceed(InvocationInterceptorChain.java:106)\r\n\tat org.junit.jupiter.engine.execution.InvocationInterceptorChain.proceed(InvocationInterceptorChain.java:64)\r\n\tat org.junit.jupiter.engine.execution.InvocationInterceptorChain.chainAndInvoke(InvocationInterceptorChain.java:45)\r\n\tat org.junit.jupiter.engine.execution.InvocationInterceptorChain.invoke(InvocationInterceptorChain.java:37)\r\n\tat org.junit.jupiter.engine.execution.ExecutableInvoker.invoke(ExecutableInvoker.java:104)\r\n\tat org.junit.jupiter.engine.execution.ExecutableInvoker.invoke(ExecutableInvoker.java:98)\r\n\tat org.junit.jupiter.engine.descriptor.TestMethodTestDescriptor.lambda$invokeTestMethod$6(TestMethodTestDescriptor.java:210)\r\n\tat org.junit.platform.engine.support.hierarchical.ThrowableCollector.execute(ThrowableCollector.java:73)\r\n\tat org.junit.jupiter.engine.descriptor.TestMethodTestDescriptor.invokeTestMethod(TestMethodTestDescriptor.java:206)\r\n\tat org.junit.jupiter.engine.descriptor.TestMethodTestDescriptor.execute(TestMethodTestDescriptor.java:131)\r\n\tat org.junit.jupiter.engine.descriptor.TestMethodTestDescriptor.execute(TestMethodTestDescriptor.java:65)\r\n\tat org.junit.platform.engine.support.hierarchical.NodeTestTask.lambda$executeRecursively$5(NodeTestTask.java:139)\r\n\tat org.junit.platform.engine.support.hierarchical.ThrowableCollector.execute(ThrowableCollector.java:73)\r\n\tat org.junit.platform.engine.support.hierarchical.NodeTestTask.lambda$executeRecursively$7(NodeTestTask.java:129)\r\n\tat org.junit.platform.engine.support.hierarchical.Node.around(Node.java:137)\r\n\tat org.junit.platform.engine.support.hierarchical.NodeTestTask.lambda$executeRecursively$8(NodeTestTask.java:127)\r\n\tat org.junit.platform.engine.support.hierarchical.ThrowableCollector.execute(ThrowableCollector.java:73)\r\n\tat org.junit.platform.engine.support.hierarchical.NodeTestTask.executeRecursively(NodeTestTask.java:126)\r\n\tat org.junit.platform.engine.support.hierarchical.NodeTestTask.execute(NodeTestTask.java:84)\r\n\tat java.util.ArrayList.forEach(ArrayList.java:1259)\r\n\tat org.junit.platform.engine.support.hierarchical.SameThreadHierarchicalTestExecutorService.invokeAll(SameThreadHierarchicalTestExecutorService.java:38)\r\n\tat org.junit.platform.engine.support.hierarchical.NodeTestTask.lambda$executeRecursively$5(NodeTestTask.java:143)\r\n\tat org.junit.platform.engine.support.hierarchical.ThrowableCollector.execute(ThrowableCollector.java:73)\r\n\tat org.junit.platform.engine.support.hierarchical.NodeTestTask.lambda$executeRecursively$7(NodeTestTask.java:129)\r\n\tat org.junit.platform.engine.support.hierarchical.Node.around(Node.java:137)\r\n\tat org.junit.platform.engine.support.hierarchical.NodeTestTask.lambda$executeRecursively$8(NodeTestTask.java:127)\r\n\tat org.junit.platform.engine.support.hierarchical.ThrowableCollector.execute(ThrowableCollector.java:73)\r\n\tat org.junit.platform.engine.support.hierarchical.NodeTestTask.executeRecursively(NodeTestTask.java:126)\r\n\tat org.junit.platform.engine.support.hierarchical.NodeTestTask.execute(NodeTestTask.java:84)\r\n\tat java.util.ArrayList.forEach(ArrayList.java:1259)\r\n\tat org.junit.platform.engine.support.hierarchical.SameThreadHierarchicalTestExecutorService.invokeAll(SameThreadHierarchicalTestExecutorService.java:38)\r\n\tat org.junit.platform.engine.support.hierarchical.NodeTestTask.lambda$executeRecursively$5(NodeTestTask.java:143)\r\n\tat org.junit.platform.engine.support.hierarchical.ThrowableCollector.execute(ThrowableCollector.java:73)\r\n\tat org.junit.platform.engine.support.hierarchical.NodeTestTask.lambda$executeRecursively$7(NodeTestTask.java:129)\r\n\tat org.junit.platform.engine.support.hierarchical.Node.around(Node.java:137)\r\n\tat org.junit.platform.engine.support.hierarchical.NodeTestTask.lambda$executeRecursively$8(NodeTestTask.java:127)\r\n\tat org.junit.platform.engine.support.hierarchical.ThrowableCollector.execute(ThrowableCollector.java:73)\r\n\tat org.junit.platform.engine.support.hierarchical.NodeTestTask.executeRecursively(NodeTestTask.java:126)\r\n\tat org.junit.platform.engine.support.hierarchical.NodeTestTask.execute(NodeTestTask.java:84)\r\n\tat org.junit.platform.engine.support.hierarchical.SameThreadHierarchicalTestExecutorService.submit(SameThreadHierarchicalTestExecutorService.java:32)\r\n\tat org.junit.platform.engine.support.hierarchical.HierarchicalTestExecutor.execute(HierarchicalTestExecutor.java:57)\r\n\tat org.junit.platform.engine.support.hierarchical.HierarchicalTestEngine.execute(HierarchicalTestEngine.java:51)\r\n\tat org.junit.platform.launcher.core.EngineExecutionOrchestrator.execute(EngineExecutionOrchestrator.java:107)\r\n\tat org.junit.platform.launcher.core.EngineExecutionOrchestrator.execute(EngineExecutionOrchestrator.java:88)\r\n\tat org.junit.platform.launcher.core.EngineExecutionOrchestrator.lambda$execute$0(EngineExecutionOrchestrator.java:54)\r\n\tat org.junit.platform.launcher.core.EngineExecutionOrchestrator.withInterceptedStreams(EngineExecutionOrchestrator.java:67)\r\n\tat org.junit.platform.launcher.core.EngineExecutionOrchestrator.execute(EngineExecutionOrchestrator.java:52)\r\n\tat org.junit.platform.launcher.core.DefaultLauncher.execute(DefaultLauncher.java:114)\r\n\tat org.junit.platform.launcher.core.DefaultLauncher.execute(DefaultLauncher.java:86)\r\n\tat org.junit.platform.launcher.core.DefaultLauncherSession$DelegatingLauncher.execute(DefaultLauncherSession.java:86)\r\n\tat org.junit.platform.launcher.core.SessionPerRequestLauncher.execute(SessionPerRequestLauncher.java:53)\r\n\tat com.intellij.junit5.JUnit5IdeaTestRunner.startRunnerWithArgs(JUnit5IdeaTestRunner.java:71)\r\n\tat com.intellij.rt.junit.IdeaTestRunner$Repeater.startRunnerWithArgs(IdeaTestRunner.java:33)\r\n\tat com.intellij.rt.junit.JUnitStarter.prepareStreamsAndStart(JUnitStarter.java:235)\r\n\tat com.intellij.rt.junit.JUnitStarter.main(JUnitStarter.java:54)\r\nCaused by: org.openqa.selenium.ElementClickInterceptedException: element click intercepted: Element <button type=\"submit\" class=\"btn btn-default button button-medium bt_compare bt_compare_bottom\" disabled=\"disabled\">...</button> is not clickable at point (1177, 658). Other element would receive the click: <form method=\"post\" action=\"http://automationpractice.com/index.php?controller=products-comparison\" class=\"compare-form\">...</form>\n  (Session info: chrome=96.0.4664.110)\nBuild info: version: '4.1.0', revision: '87802e897b'\nSystem info: host: 'DESKTOP-M52S9NE', ip: '192.168.56.1', os.name: 'Windows 10', os.arch: 'amd64', os.version: '10.0', java.version: '1.8.0_301'\nDriver info: org.openqa.selenium.chrome.ChromeDriver\nCommand: [594e52598e2155f171d0d78a063afc74, clickElement {id=2bf82789-7f20-4512-9c49-eb9c282a5576}]\nCapabilities {acceptInsecureCerts: true, browserName: chrome, browserVersion: 96.0.4664.110, chrome: {chromedriverVersion: 96.0.4664.45 (76e4c1bb2ab46..., userDataDir: C:\\Users\\zaraz\\AppData\\Loca...}, goog:chromeOptions: {debuggerAddress: localhost:60487}, javascriptEnabled: true, networkConnectionEnabled: false, pageLoadStrategy: normal, platform: WINDOWS, platformName: WINDOWS, proxy: Proxy(), se:cdp: ws://localhost:60487/devtoo..., se:cdpVersion: 96.0.4664.110, setWindowRect: true, strictFileInteractability: false, timeouts: {implicit: 0, pageLoad: 300000, script: 30000}, unhandledPromptBehavior: dismiss and notify, webauthn:extension:credBlob: true, webauthn:extension:largeBlob: true, webauthn:virtualAuthenticators: true}\nElement: [[ChromeDriver: chrome on WINDOWS (594e52598e2155f171d0d78a063afc74)] -> xpath: //div[@class='bottom-pagination-content clearfix']//button[@type='submit']]\nSession ID: 594e52598e2155f171d0d78a063afc74\r\n\tat sun.reflect.NativeConstructorAccessorImpl.newInstance0(Native Method)\r\n\tat sun.reflect.NativeConstructorAccessorImpl.newInstance(NativeConstructorAccessorImpl.java:62)\r\n\tat sun.reflect.DelegatingConstructorAccessorImpl.newInstance(DelegatingConstructorAccessorImpl.java:45)\r\n\tat java.lang.reflect.Constructor.newInstance(Constructor.java:423)\r\n\tat org.openqa.selenium.remote.codec.w3c.W3CHttpResponseCodec.createException(W3CHttpResponseCodec.java:200)\r\n\tat org.openqa.selenium.remote.codec.w3c.W3CHttpResponseCodec.decode(W3CHttpResponseCodec.java:133)\r\n\tat org.openqa.selenium.remote.codec.w3c.W3CHttpResponseCodec.decode(W3CHttpResponseCodec.java:53)\r\n\tat org.openqa.selenium.remote.HttpCommandExecutor.execute(HttpCommandExecutor.java:184)\r\n\tat org.openqa.selenium.remote.service.DriverCommandExecutor.invokeExecute(DriverCommandExecutor.java:164)\r\n\tat org.openqa.selenium.remote.service.DriverCommandExecutor.execute(DriverCommandExecutor.java:139)\r\n\tat org.openqa.selenium.remote.RemoteWebDriver.execute(RemoteWebDriver.java:559)\r\n\tat org.openqa.selenium.remote.RemoteWebElement.execute(RemoteWebElement.java:251)\r\n\tat org.openqa.selenium.remote.RemoteWebElement.click(RemoteWebElement.java:77)\r\n\tat com.codeborne.selenide.commands.Click.defaultClick(Click.java:73)\r\n\tat com.codeborne.selenide.commands.Click.click(Click.java:52)\r\n\tat com.codeborne.selenide.commands.Click.execute(Click.java:29)\r\n\tat com.codeborne.selenide.commands.Click.execute(Click.java:19)\r\n\tat com.codeborne.selenide.commands.Commands.execute(Commands.java:154)\r\n\tat com.codeborne.selenide.impl.SelenideElementProxy.dispatchAndRetry(SelenideElementProxy.java:131)\r\n\t... 71 more\r\n"},"stage":"finished","steps":[],"attachments":[{"name":"Screenshot","source":"de9ee271-5dc1-41b8-bf3a-738d098115c2-attachment.png","type":"image/png"},{"name":"Page source","source":"87634e81-913a-4a0c-93ff-20b10aed8ffe-attachment.html","type":"text/html"}],"parameters":[],"start":1641285158566,"stop":1641285168481},{"name":"$(\"clearCookies\") ","status":"passed","stage":"finished","steps":[],"attachments":[],"parameters":[],"start":1641285168516,"stop":1641285168533}],"attachments":[],"parameters":[],"start":1641285104890,"stop":1641285168564}